2025-07-27 12:44:31,707 - MyAppLogger - INFO - x_original: [0.  1.5 2.2 3.8 5. ]
2025-07-27 12:44:31,707 - MyAppLogger - INFO - y_original: [0.  1.  0.5 1.5 1. ]
2025-07-27 12:44:31,707 - MyAppLogger - INFO - x_uniform: [0.         0.10204082 0.20408163 0.30612245 0.40816327 0.51020408
 0.6122449  0.71428571 0.81632653 0.91836735 1.02040816 1.12244898
 1.2244898  1.32653061 1.42857143 1.53061224 1.63265306 1.73469388
 1.83673469 1.93877551 2.04081633 2.14285714 2.24489796 2.34693878
 2.44897959 2.55102041 2.65306122 2.75510204 2.85714286 2.95918367
 3.06122449 3.16326531 3.26530612 3.36734694 3.46938776 3.57142857
 3.67346939 3.7755102  3.87755102 3.97959184 4.08163265 4.18367347
 4.28571429 4.3877551  4.48979592 4.59183673 4.69387755 4.79591837
 4.89795918 5.        ]
2025-07-27 12:44:31,708 - MyAppLogger - INFO - y_interpolated: [0.         0.06802721 0.13605442 0.20408163 0.27210884 0.34013605
 0.40816327 0.47619048 0.54421769 0.6122449  0.68027211 0.74829932
 0.81632653 0.88435374 0.95238095 0.97813411 0.90524781 0.83236152
 0.75947522 0.68658892 0.61370262 0.54081633 0.52806122 0.59183673
 0.65561224 0.71938776 0.78316327 0.84693878 0.91071429 0.9744898
 1.03826531 1.10204082 1.16581633 1.22959184 1.29336735 1.35714286
 1.42091837 1.48469388 1.46768707 1.42517007 1.38265306 1.34013605
 1.29761905 1.25510204 1.21258503 1.17006803 1.12755102 1.08503401
 1.04251701 1.        ]
